<?xml version="1.0" encoding="UTF-8"?>
<!-- Generated by org.testng.reporters.JUnitXMLReporter -->
<testsuite hostname="Ganesan-MacBook-Pro.local" ignored="0" name="Test" tests="6" failures="0" timestamp="04 Dec 2017 09:26:40 GMT" time="2540.882" errors="0">
  <testcase name="testcase1" time="598.976" classname="TestCases.TC_001"/>
  <testcase name="testcase1" time="194.235" classname="TestCases.TC_002"/>
  <testcase name="testcase1" time="441.159" classname="TestCases.TC_003"/>
  <testcase name="testcase1" time="124.605" classname="TestCases.TC_004"/>
  <testcase name="testcase1" time="832.784" classname="TestCases.TC_005"/>
  <testcase name="testcase1" time="349.096" classname="TestCases.TC_006"/>
</testsuite> <!-- Test -->
